---------------------------------------------------------------------
   2023-06-29 22:30:50

Project: HMA-2
Master  Slave: AST14DEM_20050822  AST14DEM_20050907
Algo #1 N23: Nuth and Kääb standard version
	Iter #1  MedAD =  10.000  abc = ( -11.374   -0.594   -3.954) xyz = (   0.118  -11.373   -3.954) d =  6.952
	Iter #2  MedAD =   8.506  abc = (  -1.073   13.760   -0.017) xyz = (  -0.255   -1.042   -0.017) d =  0.619
	Iter #3  MedAD =   8.511  abc = (  -0.068   -3.984    0.023) xyz = (   0.005   -0.068    0.023) d =  0.042
	Iter #4  MedAD =   8.512  abc = (  -0.005    6.101   -0.000) xyz = (  -0.001   -0.005   -0.000) d =  0.003
	Iter #5  MedAD =   8.512  xyzA= (  -0.133  -12.488   -3.948)
Algo #2 N13: Nuth and Kääb simplified version
	Iter #1  MedAD =  10.000  abc = ( -12.468   -8.220   -3.938) xyz = (   1.783  -12.340   -3.938) d =  7.549
	Iter #2  MedAD =   8.496  abc = (  -1.264  -16.518   -0.310) xyz = (   0.360   -1.212   -0.310) d =  0.752
	Iter #3  MedAD =   8.508  abc = (  -0.155  -28.336   -0.025) xyz = (   0.074   -0.136   -0.025) d =  0.091
	Iter #4  MedAD =   8.511  abc = (  -0.024  -42.721   -0.002) xyz = (   0.016   -0.017   -0.002) d =  0.014
	Iter #5  MedAD =   8.511  xyzA= (   2.232  -13.706   -4.275)
Algo #3 L23: Nuth and Kääb linear version
	Iter #1  MedAD =  10.000  abc = (  11.374  179.406   -3.954) xyz = (   0.118  -11.373   -3.954) d =  6.952
	Iter #2  MedAD =   8.506  abc = (   1.073 -166.240   -0.017) xyz = (  -0.255   -1.042   -0.017) d =  0.619
	Iter #3  MedAD =   8.511  abc = (   0.068  176.016    0.023) xyz = (   0.005   -0.068    0.023) d =  0.042
	Iter #4  MedAD =   8.512  abc = (   0.005 -173.899   -0.000) xyz = (  -0.001   -0.005   -0.000) d =  0.003
	Iter #5  MedAD =   8.512  xyzA= (  -0.133  -12.488   -3.948)
Algo #4 L57: Rosenholm and Torlegard
	Iter #1  MedAD =  10.000  7pm = (-4.0e-06 -2.4e-04  6.3e-05 -6.1e-05    0.683  -10.005   -4.303)
	Iter #2  MedAD =   7.563  7pm = (-1.4e-05  3.7e-07  1.1e-07  7.1e-06   -0.096   -0.957    0.006)
	Iter #3  MedAD =   7.560  7pm = (-3.2e-06  3.0e-09  3.7e-08  2.3e-06   -0.026   -0.113    0.001)
	Iter #4  MedAD =   7.561  7pmA= (-2.1e-05 -2.4e-04  6.3e-05 -5.2e-05    0.562  -11.075   -4.296)
